<?xml version="1.0" encoding="UTF-8"?>
<!-- Generated by org.testng.reporters.JUnitReportReporter -->
<testsuite skipped="0" hostname="DESKTOP-GLMS5A5" name="API_TC_1.Test_03_Audit" tests="1" failures="0" timestamp="2020-04-24T16:30:41 IST" time="9.101" errors="0">
  <testcase name="test_getAllAudits" time="9.101" classname="API_TC_1.Test_03_Audit"/>
  <system-out/>
</testsuite> <!-- API_TC_1.Test_03_Audit -->
