<?xml version="1.0" encoding="UTF-8"?>
<!-- Generated by org.testng.reporters.JUnitReportReporter -->
<testsuite skipped="0" hostname="DESKTOP-GLMS5A5" name="API_TC_1.Sample_TC_1" tests="1" failures="0" timestamp="2020-04-21T17:41:14 IST" time="3.658" errors="0">
  <testcase name="test_getAllActivities" time="3.658" classname="API_TC_1.Sample_TC_1"/>
  <system-out/>
</testsuite> <!-- API_TC_1.Sample_TC_1 -->
